# JRE version: Java(TM) SE Runtime Environment (8.0_60-b27) (build 1.8.0_60-b27)
# Java VM: Java HotSpot(TM) Client VM (25.60-b23 mixed mode windows-x86 )
Heap:
 def new generation   total 4928K, used 962K [0x04200000, 0x04750000, 0x19750000)
  eden space 4416K,  10% used [0x04200000, 0x04270ad0, 0x04650000)
  from space 512K, 100% used [0x04650000, 0x046d0000, 0x046d0000)
  to   space 512K,   0% used [0x046d0000, 0x046d0000, 0x04750000)
 tenured generation   total 10944K, used 2394K [0x19750000, 0x1a200000, 0x44200000)
   the space 10944K,  21% used [0x19750000, 0x199a6918, 0x199a6a00, 0x1a200000)
 Metaspace       used 3175K, capacity 3430K, committed 3520K, reserved 4480K
GC Heap History (4 events):
Event: 0.358 GC heap before
{Heap before GC invocations=0 (full 0):
 def new generation   total 4928K, used 4416K [0x04200000, 0x04750000, 0x19750000)
  eden space 4416K, 100% used [0x04200000, 0x04650000, 0x04650000)
  from space 512K,   0% used [0x04650000, 0x04650000, 0x046d0000)
  to   space 512K,   0% used [0x046d0000, 0x046d0000, 0x04750000)
 tenured generation   total 10944K, used 0K [0x19750000, 0x1a200000, 0x44200000)
   the space 10944K,   0% used [0x19750000, 0x19750000, 0x19750200, 0x1a200000)
 Metaspace       used 2592K, capacity 2918K, committed 3008K, reserved 4480K
Event: 0.362 GC heap after
Heap after GC invocations=1 (full 0):
 def new generation   total 4928K, used 512K [0x04200000, 0x04750000, 0x19750000)
  eden space 4416K,   0% used [0x04200000, 0x04200000, 0x04650000)
  from space 512K, 100% used [0x046d0000, 0x04750000, 0x04750000)
  to   space 512K,   0% used [0x04650000, 0x04650000, 0x046d0000)
 tenured generation   total 10944K, used 883K [0x19750000, 0x1a200000, 0x44200000)
   the space 10944K,   8% used [0x19750000, 0x1982ced0, 0x1982d000, 0x1a200000)
 Metaspace       used 2592K, capacity 2918K, committed 3008K, reserved 4480K
}
Event: 0.523 GC heap before
{Heap before GC invocations=1 (full 0):
 def new generation   total 4928K, used 4928K [0x04200000, 0x04750000, 0x19750000)
  eden space 4416K, 100% used [0x04200000, 0x04650000, 0x04650000)
  from space 512K, 100% used [0x046d0000, 0x04750000, 0x04750000)
  to   space 512K,   0% used [0x04650000, 0x04650000, 0x046d0000)
 tenured generation   total 10944K, used 883K [0x19750000, 0x1a200000, 0x44200000)
   the space 10944K,   8% used [0x19750000, 0x1982ced0, 0x1982d000, 0x1a200000)
 Metaspace       used 3174K, capacity 3430K, committed 3520K, reserved 4480K
Event: 0.530 GC heap after
Heap after GC invocations=2 (full 0):
 def new generation   total 4928K, used 512K [0x04200000, 0x04750000, 0x19750000)
  eden space 4416K,   0% used [0x04200000, 0x04200000, 0x04650000)
  from space 512K, 100% used [0x04650000, 0x046d0000, 0x046d0000)
  to   space 512K,   0% used [0x046d0000, 0x046d0000, 0x04750000)
 tenured generation   total 10944K, used 2394K [0x19750000, 0x1a200000, 0x44200000)
   the space 10944K,  21% used [0x19750000, 0x199a6918, 0x199a6a00, 0x1a200000)
 Metaspace       used 3174K, capacity 3430K, committed 3520K, reserved 4480K
}

